{"D:\\University\\Project and dissertation\\Plugin\\js\\Storage.js": {"path":"D:\\University\\Project and dissertation\\Plugin\\js\\Storage.js","statementMap":{"0":{"start":{"line":1,"column":14},"end":{"line":1,"column":19}},"1":{"start":{"line":2,"column":0},"end":{"line":2,"column":20}},"2":{"start":{"line":4,"column":0},"end":{"line":167,"column":1}},"3":{"start":{"line":8,"column":8},"end":{"line":12,"column":9}},"4":{"start":{"line":9,"column":12},"end":{"line":9,"column":26}},"5":{"start":{"line":11,"column":12},"end":{"line":11,"column":68}},"6":{"start":{"line":13,"column":8},"end":{"line":13,"column":24}},"7":{"start":{"line":17,"column":25},"end":{"line":17,"column":44}},"8":{"start":{"line":18,"column":8},"end":{"line":21,"column":9}},"9":{"start":{"line":19,"column":12},"end":{"line":19,"column":35}},"10":{"start":{"line":20,"column":12},"end":{"line":20,"column":71}},"11":{"start":{"line":25,"column":25},"end":{"line":25,"column":44}},"12":{"start":{"line":26,"column":8},"end":{"line":26,"column":69}},"13":{"start":{"line":26,"column":62},"end":{"line":26,"column":67}},"14":{"start":{"line":27,"column":8},"end":{"line":27,"column":67}},"15":{"start":{"line":31,"column":25},"end":{"line":31,"column":44}},"16":{"start":{"line":32,"column":8},"end":{"line":32,"column":69}},"17":{"start":{"line":32,"column":62},"end":{"line":32,"column":67}},"18":{"start":{"line":33,"column":8},"end":{"line":33,"column":67}},"19":{"start":{"line":37,"column":25},"end":{"line":37,"column":44}},"20":{"start":{"line":38,"column":8},"end":{"line":48,"column":9}},"21":{"start":{"line":39,"column":12},"end":{"line":46,"column":15}},"22":{"start":{"line":40,"column":16},"end":{"line":45,"column":17}},"23":{"start":{"line":41,"column":20},"end":{"line":41,"column":45}},"24":{"start":{"line":42,"column":20},"end":{"line":42,"column":46}},"25":{"start":{"line":43,"column":20},"end":{"line":43,"column":47}},"26":{"start":{"line":44,"column":20},"end":{"line":44,"column":35}},"27":{"start":{"line":47,"column":12},"end":{"line":47,"column":71}},"28":{"start":{"line":52,"column":25},"end":{"line":52,"column":44}},"29":{"start":{"line":53,"column":8},"end":{"line":59,"column":28}},"30":{"start":{"line":54,"column":12},"end":{"line":58,"column":13}},"31":{"start":{"line":54,"column":25},"end":{"line":54,"column":26}},"32":{"start":{"line":55,"column":16},"end":{"line":57,"column":17}},"33":{"start":{"line":56,"column":20},"end":{"line":56,"column":32}},"34":{"start":{"line":59,"column":15},"end":{"line":59,"column":28}},"35":{"start":{"line":63,"column":25},"end":{"line":63,"column":44}},"36":{"start":{"line":64,"column":8},"end":{"line":72,"column":9}},"37":{"start":{"line":65,"column":12},"end":{"line":70,"column":15}},"38":{"start":{"line":66,"column":16},"end":{"line":69,"column":17}},"39":{"start":{"line":67,"column":20},"end":{"line":67,"column":53}},"40":{"start":{"line":68,"column":20},"end":{"line":68,"column":46}},"41":{"start":{"line":71,"column":12},"end":{"line":71,"column":71}},"42":{"start":{"line":76,"column":25},"end":{"line":76,"column":44}},"43":{"start":{"line":77,"column":8},"end":{"line":79,"column":11}},"44":{"start":{"line":78,"column":12},"end":{"line":78,"column":32}},"45":{"start":{"line":80,"column":8},"end":{"line":80,"column":67}},"46":{"start":{"line":84,"column":25},"end":{"line":84,"column":44}},"47":{"start":{"line":85,"column":8},"end":{"line":87,"column":11}},"48":{"start":{"line":86,"column":12},"end":{"line":86,"column":33}},"49":{"start":{"line":88,"column":8},"end":{"line":88,"column":67}},"50":{"start":{"line":92,"column":25},"end":{"line":92,"column":44}},"51":{"start":{"line":93,"column":8},"end":{"line":95,"column":11}},"52":{"start":{"line":94,"column":12},"end":{"line":94,"column":34}},"53":{"start":{"line":96,"column":8},"end":{"line":96,"column":67}},"54":{"start":{"line":100,"column":25},"end":{"line":100,"column":26}},"55":{"start":{"line":101,"column":25},"end":{"line":101,"column":44}},"56":{"start":{"line":102,"column":8},"end":{"line":106,"column":9}},"57":{"start":{"line":103,"column":12},"end":{"line":105,"column":15}},"58":{"start":{"line":104,"column":16},"end":{"line":104,"column":48}},"59":{"start":{"line":107,"column":8},"end":{"line":107,"column":26}},"60":{"start":{"line":116,"column":8},"end":{"line":120,"column":9}},"61":{"start":{"line":117,"column":12},"end":{"line":117,"column":26}},"62":{"start":{"line":119,"column":12},"end":{"line":119,"column":68}},"63":{"start":{"line":121,"column":8},"end":{"line":121,"column":24}},"64":{"start":{"line":125,"column":25},"end":{"line":125,"column":44}},"65":{"start":{"line":126,"column":8},"end":{"line":129,"column":9}},"66":{"start":{"line":127,"column":12},"end":{"line":127,"column":35}},"67":{"start":{"line":128,"column":12},"end":{"line":128,"column":71}},"68":{"start":{"line":133,"column":25},"end":{"line":133,"column":44}},"69":{"start":{"line":134,"column":8},"end":{"line":142,"column":9}},"70":{"start":{"line":135,"column":12},"end":{"line":140,"column":15}},"71":{"start":{"line":136,"column":16},"end":{"line":139,"column":17}},"72":{"start":{"line":137,"column":20},"end":{"line":137,"column":53}},"73":{"start":{"line":138,"column":20},"end":{"line":138,"column":46}},"74":{"start":{"line":141,"column":12},"end":{"line":141,"column":71}},"75":{"start":{"line":146,"column":25},"end":{"line":146,"column":44}},"76":{"start":{"line":147,"column":8},"end":{"line":153,"column":9}},"77":{"start":{"line":147,"column":21},"end":{"line":147,"column":22}},"78":{"start":{"line":148,"column":12},"end":{"line":152,"column":13}},"79":{"start":{"line":149,"column":16},"end":{"line":149,"column":35}},"80":{"start":{"line":151,"column":16},"end":{"line":151,"column":29}},"81":{"start":{"line":157,"column":25},"end":{"line":157,"column":44}},"82":{"start":{"line":158,"column":8},"end":{"line":164,"column":28}},"83":{"start":{"line":159,"column":12},"end":{"line":163,"column":13}},"84":{"start":{"line":159,"column":25},"end":{"line":159,"column":26}},"85":{"start":{"line":160,"column":16},"end":{"line":162,"column":17}},"86":{"start":{"line":161,"column":20},"end":{"line":161,"column":32}},"87":{"start":{"line":164,"column":15},"end":{"line":164,"column":28}}},"fnMap":{"0":{"name":"(anonymous_0)","decl":{"start":{"line":6,"column":4},"end":{"line":6,"column":5}},"loc":{"start":{"line":6,"column":25},"end":{"line":14,"column":5}},"line":6},"1":{"name":"(anonymous_1)","decl":{"start":{"line":16,"column":4},"end":{"line":16,"column":5}},"loc":{"start":{"line":16,"column":31},"end":{"line":22,"column":5}},"line":16},"2":{"name":"(anonymous_2)","decl":{"start":{"line":24,"column":4},"end":{"line":24,"column":5}},"loc":{"start":{"line":24,"column":27},"end":{"line":28,"column":5}},"line":24},"3":{"name":"(anonymous_3)","decl":{"start":{"line":26,"column":22},"end":{"line":26,"column":23}},"loc":{"start":{"line":26,"column":62},"end":{"line":26,"column":67}},"line":26},"4":{"name":"(anonymous_4)","decl":{"start":{"line":30,"column":4},"end":{"line":30,"column":5}},"loc":{"start":{"line":30,"column":28},"end":{"line":34,"column":5}},"line":30},"5":{"name":"(anonymous_5)","decl":{"start":{"line":32,"column":22},"end":{"line":32,"column":23}},"loc":{"start":{"line":32,"column":62},"end":{"line":32,"column":67}},"line":32},"6":{"name":"(anonymous_6)","decl":{"start":{"line":36,"column":4},"end":{"line":36,"column":5}},"loc":{"start":{"line":36,"column":38},"end":{"line":49,"column":5}},"line":36},"7":{"name":"(anonymous_7)","decl":{"start":{"line":39,"column":29},"end":{"line":39,"column":30}},"loc":{"start":{"line":39,"column":42},"end":{"line":46,"column":13}},"line":39},"8":{"name":"(anonymous_8)","decl":{"start":{"line":51,"column":4},"end":{"line":51,"column":5}},"loc":{"start":{"line":51,"column":34},"end":{"line":60,"column":5}},"line":51},"9":{"name":"(anonymous_9)","decl":{"start":{"line":62,"column":4},"end":{"line":62,"column":5}},"loc":{"start":{"line":62,"column":31},"end":{"line":73,"column":5}},"line":62},"10":{"name":"(anonymous_10)","decl":{"start":{"line":65,"column":29},"end":{"line":65,"column":30}},"loc":{"start":{"line":65,"column":49},"end":{"line":70,"column":13}},"line":65},"11":{"name":"(anonymous_11)","decl":{"start":{"line":75,"column":4},"end":{"line":75,"column":5}},"loc":{"start":{"line":75,"column":24},"end":{"line":81,"column":5}},"line":75},"12":{"name":"(anonymous_12)","decl":{"start":{"line":77,"column":25},"end":{"line":77,"column":26}},"loc":{"start":{"line":77,"column":38},"end":{"line":79,"column":9}},"line":77},"13":{"name":"(anonymous_13)","decl":{"start":{"line":83,"column":4},"end":{"line":83,"column":5}},"loc":{"start":{"line":83,"column":25},"end":{"line":89,"column":5}},"line":83},"14":{"name":"(anonymous_14)","decl":{"start":{"line":85,"column":25},"end":{"line":85,"column":26}},"loc":{"start":{"line":85,"column":38},"end":{"line":87,"column":9}},"line":85},"15":{"name":"(anonymous_15)","decl":{"start":{"line":91,"column":4},"end":{"line":91,"column":5}},"loc":{"start":{"line":91,"column":26},"end":{"line":97,"column":5}},"line":91},"16":{"name":"(anonymous_16)","decl":{"start":{"line":93,"column":25},"end":{"line":93,"column":26}},"loc":{"start":{"line":93,"column":38},"end":{"line":95,"column":9}},"line":93},"17":{"name":"(anonymous_17)","decl":{"start":{"line":99,"column":4},"end":{"line":99,"column":5}},"loc":{"start":{"line":99,"column":26},"end":{"line":108,"column":5}},"line":99},"18":{"name":"(anonymous_18)","decl":{"start":{"line":103,"column":29},"end":{"line":103,"column":30}},"loc":{"start":{"line":103,"column":42},"end":{"line":105,"column":13}},"line":103},"19":{"name":"(anonymous_19)","decl":{"start":{"line":114,"column":4},"end":{"line":114,"column":5}},"loc":{"start":{"line":114,"column":25},"end":{"line":122,"column":5}},"line":114},"20":{"name":"(anonymous_20)","decl":{"start":{"line":124,"column":4},"end":{"line":124,"column":5}},"loc":{"start":{"line":124,"column":31},"end":{"line":130,"column":5}},"line":124},"21":{"name":"(anonymous_21)","decl":{"start":{"line":132,"column":4},"end":{"line":132,"column":5}},"loc":{"start":{"line":132,"column":30},"end":{"line":143,"column":5}},"line":132},"22":{"name":"(anonymous_22)","decl":{"start":{"line":135,"column":29},"end":{"line":135,"column":30}},"loc":{"start":{"line":135,"column":49},"end":{"line":140,"column":13}},"line":135},"23":{"name":"(anonymous_23)","decl":{"start":{"line":145,"column":4},"end":{"line":145,"column":5}},"loc":{"start":{"line":145,"column":33},"end":{"line":154,"column":5}},"line":145},"24":{"name":"(anonymous_24)","decl":{"start":{"line":156,"column":4},"end":{"line":156,"column":5}},"loc":{"start":{"line":156,"column":36},"end":{"line":165,"column":5}},"line":156}},"branchMap":{"0":{"loc":{"start":{"line":8,"column":8},"end":{"line":12,"column":9}},"type":"if","locations":[{"start":{"line":8,"column":8},"end":{"line":12,"column":9}},{"start":{"line":8,"column":8},"end":{"line":12,"column":9}}],"line":8},"1":{"loc":{"start":{"line":18,"column":8},"end":{"line":21,"column":9}},"type":"if","locations":[{"start":{"line":18,"column":8},"end":{"line":21,"column":9}},{"start":{"line":18,"column":8},"end":{"line":21,"column":9}}],"line":18},"2":{"loc":{"start":{"line":38,"column":8},"end":{"line":48,"column":9}},"type":"if","locations":[{"start":{"line":38,"column":8},"end":{"line":48,"column":9}},{"start":{"line":38,"column":8},"end":{"line":48,"column":9}}],"line":38},"3":{"loc":{"start":{"line":38,"column":12},"end":{"line":38,"column":25}},"type":"binary-expr","locations":[{"start":{"line":38,"column":12},"end":{"line":38,"column":16}},{"start":{"line":38,"column":20},"end":{"line":38,"column":25}}],"line":38},"4":{"loc":{"start":{"line":40,"column":16},"end":{"line":45,"column":17}},"type":"if","locations":[{"start":{"line":40,"column":16},"end":{"line":45,"column":17}},{"start":{"line":40,"column":16},"end":{"line":45,"column":17}}],"line":40},"5":{"loc":{"start":{"line":53,"column":8},"end":{"line":59,"column":28}},"type":"if","locations":[{"start":{"line":53,"column":8},"end":{"line":59,"column":28}},{"start":{"line":53,"column":8},"end":{"line":59,"column":28}}],"line":53},"6":{"loc":{"start":{"line":55,"column":16},"end":{"line":57,"column":17}},"type":"if","locations":[{"start":{"line":55,"column":16},"end":{"line":57,"column":17}},{"start":{"line":55,"column":16},"end":{"line":57,"column":17}}],"line":55},"7":{"loc":{"start":{"line":64,"column":8},"end":{"line":72,"column":9}},"type":"if","locations":[{"start":{"line":64,"column":8},"end":{"line":72,"column":9}},{"start":{"line":64,"column":8},"end":{"line":72,"column":9}}],"line":64},"8":{"loc":{"start":{"line":66,"column":16},"end":{"line":69,"column":17}},"type":"if","locations":[{"start":{"line":66,"column":16},"end":{"line":69,"column":17}},{"start":{"line":66,"column":16},"end":{"line":69,"column":17}}],"line":66},"9":{"loc":{"start":{"line":102,"column":8},"end":{"line":106,"column":9}},"type":"if","locations":[{"start":{"line":102,"column":8},"end":{"line":106,"column":9}},{"start":{"line":102,"column":8},"end":{"line":106,"column":9}}],"line":102},"10":{"loc":{"start":{"line":116,"column":8},"end":{"line":120,"column":9}},"type":"if","locations":[{"start":{"line":116,"column":8},"end":{"line":120,"column":9}},{"start":{"line":116,"column":8},"end":{"line":120,"column":9}}],"line":116},"11":{"loc":{"start":{"line":126,"column":8},"end":{"line":129,"column":9}},"type":"if","locations":[{"start":{"line":126,"column":8},"end":{"line":129,"column":9}},{"start":{"line":126,"column":8},"end":{"line":129,"column":9}}],"line":126},"12":{"loc":{"start":{"line":134,"column":8},"end":{"line":142,"column":9}},"type":"if","locations":[{"start":{"line":134,"column":8},"end":{"line":142,"column":9}},{"start":{"line":134,"column":8},"end":{"line":142,"column":9}}],"line":134},"13":{"loc":{"start":{"line":136,"column":16},"end":{"line":139,"column":17}},"type":"if","locations":[{"start":{"line":136,"column":16},"end":{"line":139,"column":17}},{"start":{"line":136,"column":16},"end":{"line":139,"column":17}}],"line":136},"14":{"loc":{"start":{"line":148,"column":12},"end":{"line":152,"column":13}},"type":"if","locations":[{"start":{"line":148,"column":12},"end":{"line":152,"column":13}},{"start":{"line":148,"column":12},"end":{"line":152,"column":13}}],"line":148},"15":{"loc":{"start":{"line":158,"column":8},"end":{"line":164,"column":28}},"type":"if","locations":[{"start":{"line":158,"column":8},"end":{"line":164,"column":28}},{"start":{"line":158,"column":8},"end":{"line":164,"column":28}}],"line":158},"16":{"loc":{"start":{"line":160,"column":16},"end":{"line":162,"column":17}},"type":"if","locations":[{"start":{"line":160,"column":16},"end":{"line":162,"column":17}},{"start":{"line":160,"column":16},"end":{"line":162,"column":17}}],"line":160}},"s":{"0":1,"1":1,"2":1,"3":54,"4":18,"5":36,"6":54,"7":25,"8":25,"9":23,"10":23,"11":1,"12":1,"13":2,"14":1,"15":1,"16":1,"17":2,"18":1,"19":4,"20":4,"21":1,"22":1,"23":1,"24":1,"25":1,"26":1,"27":1,"28":2,"29":2,"30":1,"31":1,"32":1,"33":0,"34":1,"35":3,"36":3,"37":2,"38":2,"39":1,"40":1,"41":2,"42":1,"43":1,"44":1,"45":1,"46":1,"47":1,"48":1,"49":1,"50":1,"51":1,"52":1,"53":1,"54":2,"55":2,"56":2,"57":2,"58":5,"59":2,"60":6,"61":3,"62":3,"63":6,"64":3,"65":3,"66":3,"67":3,"68":0,"69":0,"70":0,"71":0,"72":0,"73":0,"74":0,"75":3,"76":3,"77":3,"78":3,"79":1,"80":2,"81":0,"82":0,"83":0,"84":0,"85":0,"86":0,"87":0},"f":{"0":54,"1":25,"2":1,"3":2,"4":1,"5":2,"6":4,"7":1,"8":2,"9":3,"10":2,"11":1,"12":1,"13":1,"14":1,"15":1,"16":1,"17":2,"18":5,"19":6,"20":3,"21":0,"22":0,"23":3,"24":0},"b":{"0":[18,36],"1":[23,2],"2":[1,3],"3":[4,2],"4":[1,0],"5":[1,1],"6":[0,1],"7":[2,1],"8":[1,1],"9":[2,0],"10":[3,3],"11":[3,0],"12":[0,0],"13":[0,0],"14":[1,2],"15":[0,0],"16":[0,0]},"_coverageSchema":"1a1c01bbd47fc00a2c39e90264f33305004495a9","hash":"103108a81489d37460f750b3e1f78632d3355be3"}
,"D:\\University\\Project and dissertation\\Plugin\\js\\Time.js": {"path":"D:\\University\\Project and dissertation\\Plugin\\js\\Time.js","statementMap":{"0":{"start":{"line":8,"column":0},"end":{"line":28,"column":1}},"1":{"start":{"line":12,"column":25},"end":{"line":12,"column":48}},"2":{"start":{"line":13,"column":12},"end":{"line":13,"column":39}},"3":{"start":{"line":16,"column":27},"end":{"line":16,"column":54}},"4":{"start":{"line":17,"column":12},"end":{"line":17,"column":41}},"5":{"start":{"line":20,"column":27},"end":{"line":20,"column":56}},"6":{"start":{"line":21,"column":12},"end":{"line":21,"column":41}},"7":{"start":{"line":24,"column":21},"end":{"line":24,"column":51}},"8":{"start":{"line":25,"column":21},"end":{"line":25,"column":51}},"9":{"start":{"line":26,"column":21},"end":{"line":26,"column":51}},"10":{"start":{"line":27,"column":3},"end":{"line":27,"column":57}},"11":{"start":{"line":36,"column":0},"end":{"line":42,"column":1}},"12":{"start":{"line":38,"column":3},"end":{"line":41,"column":19}},"13":{"start":{"line":49,"column":0},"end":{"line":54,"column":1}},"14":{"start":{"line":51,"column":3},"end":{"line":53,"column":23}},"15":{"start":{"line":52,"column":6},"end":{"line":52,"column":49}},"16":{"start":{"line":53,"column":10},"end":{"line":53,"column":23}},"17":{"start":{"line":61,"column":0},"end":{"line":69,"column":1}},"18":{"start":{"line":63,"column":3},"end":{"line":67,"column":23}},"19":{"start":{"line":64,"column":22},"end":{"line":64,"column":32}},"20":{"start":{"line":65,"column":6},"end":{"line":65,"column":44}},"21":{"start":{"line":66,"column":6},"end":{"line":66,"column":70}},"22":{"start":{"line":67,"column":10},"end":{"line":67,"column":23}}},"fnMap":{"0":{"name":"timeToString","decl":{"start":{"line":9,"column":12},"end":{"line":9,"column":24}},"loc":{"start":{"line":9,"column":31},"end":{"line":28,"column":1}},"line":9},"1":{"name":"isMidnight","decl":{"start":{"line":37,"column":12},"end":{"line":37,"column":22}},"loc":{"start":{"line":37,"column":29},"end":{"line":42,"column":1}},"line":37},"2":{"name":"isNewWeek","decl":{"start":{"line":50,"column":12},"end":{"line":50,"column":21}},"loc":{"start":{"line":50,"column":28},"end":{"line":54,"column":1}},"line":50},"3":{"name":"isNewMonth","decl":{"start":{"line":62,"column":12},"end":{"line":62,"column":22}},"loc":{"start":{"line":62,"column":29},"end":{"line":69,"column":1}},"line":62}},"branchMap":{"0":{"loc":{"start":{"line":38,"column":10},"end":{"line":41,"column":18}},"type":"cond-expr","locations":[{"start":{"line":41,"column":6},"end":{"line":41,"column":10}},{"start":{"line":41,"column":13},"end":{"line":41,"column":18}}],"line":38},"1":{"loc":{"start":{"line":38,"column":10},"end":{"line":40,"column":30}},"type":"binary-expr","locations":[{"start":{"line":38,"column":10},"end":{"line":38,"column":14}},{"start":{"line":38,"column":18},"end":{"line":38,"column":37}},{"start":{"line":39,"column":9},"end":{"line":39,"column":30}},{"start":{"line":40,"column":9},"end":{"line":40,"column":30}}],"line":38},"2":{"loc":{"start":{"line":51,"column":3},"end":{"line":53,"column":23}},"type":"if","locations":[{"start":{"line":51,"column":3},"end":{"line":53,"column":23}},{"start":{"line":51,"column":3},"end":{"line":53,"column":23}}],"line":51},"3":{"loc":{"start":{"line":52,"column":13},"end":{"line":52,"column":48}},"type":"cond-expr","locations":[{"start":{"line":52,"column":36},"end":{"line":52,"column":40}},{"start":{"line":52,"column":43},"end":{"line":52,"column":48}}],"line":52},"4":{"loc":{"start":{"line":63,"column":3},"end":{"line":67,"column":23}},"type":"if","locations":[{"start":{"line":63,"column":3},"end":{"line":67,"column":23}},{"start":{"line":63,"column":3},"end":{"line":67,"column":23}}],"line":63},"5":{"loc":{"start":{"line":66,"column":13},"end":{"line":66,"column":69}},"type":"cond-expr","locations":[{"start":{"line":66,"column":57},"end":{"line":66,"column":61}},{"start":{"line":66,"column":64},"end":{"line":66,"column":69}}],"line":66}},"s":{"0":1,"1":8,"2":8,"3":8,"4":8,"5":8,"6":8,"7":8,"8":8,"9":8,"10":8,"11":1,"12":4,"13":1,"14":4,"15":3,"16":1,"17":1,"18":4,"19":3,"20":3,"21":3,"22":1},"f":{"0":8,"1":4,"2":4,"3":4},"b":{"0":[1,3],"1":[4,3,1,1],"2":[3,1],"3":[1,2],"4":[3,1],"5":[1,2]},"_coverageSchema":"1a1c01bbd47fc00a2c39e90264f33305004495a9","hash":"dc0c0591c39bc34088ef80d3548898e134df4a7c"}
}
