TN:
SF:Storage.js
FN:6,(anonymous_0)
FN:16,(anonymous_1)
FN:24,(anonymous_2)
FN:26,(anonymous_3)
FN:30,(anonymous_4)
FN:32,(anonymous_5)
FN:36,(anonymous_6)
FN:39,(anonymous_7)
FN:51,(anonymous_8)
FN:62,(anonymous_9)
FN:65,(anonymous_10)
FN:75,(anonymous_11)
FN:77,(anonymous_12)
FN:83,(anonymous_13)
FN:85,(anonymous_14)
FN:91,(anonymous_15)
FN:93,(anonymous_16)
FN:99,(anonymous_17)
FN:103,(anonymous_18)
FN:114,(anonymous_19)
FN:124,(anonymous_20)
FN:132,(anonymous_21)
FN:135,(anonymous_22)
FN:145,(anonymous_23)
FN:156,(anonymous_24)
FNF:25
FNH:22
FNDA:54,(anonymous_0)
FNDA:25,(anonymous_1)
FNDA:1,(anonymous_2)
FNDA:2,(anonymous_3)
FNDA:1,(anonymous_4)
FNDA:2,(anonymous_5)
FNDA:4,(anonymous_6)
FNDA:1,(anonymous_7)
FNDA:2,(anonymous_8)
FNDA:3,(anonymous_9)
FNDA:2,(anonymous_10)
FNDA:1,(anonymous_11)
FNDA:1,(anonymous_12)
FNDA:1,(anonymous_13)
FNDA:1,(anonymous_14)
FNDA:1,(anonymous_15)
FNDA:1,(anonymous_16)
FNDA:2,(anonymous_17)
FNDA:5,(anonymous_18)
FNDA:6,(anonymous_19)
FNDA:3,(anonymous_20)
FNDA:0,(anonymous_21)
FNDA:0,(anonymous_22)
FNDA:3,(anonymous_23)
FNDA:0,(anonymous_24)
DA:1,1
DA:2,1
DA:4,1
DA:8,54
DA:9,18
DA:11,36
DA:13,54
DA:17,25
DA:18,25
DA:19,23
DA:20,23
DA:25,1
DA:26,2
DA:27,1
DA:31,1
DA:32,2
DA:33,1
DA:37,4
DA:38,4
DA:39,1
DA:40,1
DA:41,1
DA:42,1
DA:43,1
DA:44,1
DA:47,1
DA:52,2
DA:53,2
DA:54,1
DA:55,1
DA:56,0
DA:59,1
DA:63,3
DA:64,3
DA:65,2
DA:66,2
DA:67,1
DA:68,1
DA:71,2
DA:76,1
DA:77,1
DA:78,1
DA:80,1
DA:84,1
DA:85,1
DA:86,1
DA:88,1
DA:92,1
DA:93,1
DA:94,1
DA:96,1
DA:100,2
DA:101,2
DA:102,2
DA:103,2
DA:104,5
DA:107,2
DA:116,6
DA:117,3
DA:119,3
DA:121,6
DA:125,3
DA:126,3
DA:127,3
DA:128,3
DA:133,0
DA:134,0
DA:135,0
DA:136,0
DA:137,0
DA:138,0
DA:141,0
DA:146,3
DA:147,3
DA:148,3
DA:149,1
DA:151,2
DA:157,0
DA:158,0
DA:159,0
DA:160,0
DA:161,0
DA:164,0
LF:83
LH:69
BRDA:8,0,0,18
BRDA:8,0,1,36
BRDA:18,1,0,23
BRDA:18,1,1,2
BRDA:38,2,0,1
BRDA:38,2,1,3
BRDA:38,3,0,4
BRDA:38,3,1,2
BRDA:40,4,0,1
BRDA:40,4,1,0
BRDA:53,5,0,1
BRDA:53,5,1,1
BRDA:55,6,0,0
BRDA:55,6,1,1
BRDA:64,7,0,2
BRDA:64,7,1,1
BRDA:66,8,0,1
BRDA:66,8,1,1
BRDA:102,9,0,2
BRDA:102,9,1,0
BRDA:116,10,0,3
BRDA:116,10,1,3
BRDA:126,11,0,3
BRDA:126,11,1,0
BRDA:134,12,0,0
BRDA:134,12,1,0
BRDA:136,13,0,0
BRDA:136,13,1,0
BRDA:148,14,0,1
BRDA:148,14,1,2
BRDA:158,15,0,0
BRDA:158,15,1,0
BRDA:160,16,0,0
BRDA:160,16,1,0
BRF:34
BRH:22
end_of_record
TN:
SF:Time.js
FN:9,timeToString
FN:37,isMidnight
FN:50,isNewWeek
FN:62,isNewMonth
FNF:4
FNH:4
FNDA:8,timeToString
FNDA:4,isMidnight
FNDA:4,isNewWeek
FNDA:4,isNewMonth
DA:8,1
DA:12,8
DA:13,8
DA:16,8
DA:17,8
DA:20,8
DA:21,8
DA:24,8
DA:25,8
DA:26,8
DA:27,8
DA:36,1
DA:38,4
DA:49,1
DA:51,4
DA:52,3
DA:53,1
DA:61,1
DA:63,4
DA:64,3
DA:65,3
DA:66,3
DA:67,1
LF:23
LH:23
BRDA:38,0,0,1
BRDA:38,0,1,3
BRDA:38,1,0,4
BRDA:38,1,1,3
BRDA:38,1,2,1
BRDA:38,1,3,1
BRDA:51,2,0,3
BRDA:51,2,1,1
BRDA:52,3,0,1
BRDA:52,3,1,2
BRDA:63,4,0,3
BRDA:63,4,1,1
BRDA:66,5,0,1
BRDA:66,5,1,2
BRF:14
BRH:14
end_of_record
